The system is: Darwin - 15.4.0 - i386
Compiling the C compiler identification source file "CMakeCCompilerId.c" succeeded.
Compiler: /usr/bin/cc 
Build flags: 
Id flags: 

The output was:
0


Compilation of the C compiler identification source "CMakeCCompilerId.c" produced "a.out"

The C compiler identification is Clang, found in "/Users/ksmith/Coding/btWorld/Code/btWorld/cpp/bullet/src/CMakeFiles/2.8.12/CompilerIdC/a.out"

Compiling the CXX compiler identification source file "CMakeCXXCompilerId.cpp" succeeded.
Compiler: /usr/bin/c++ 
Build flags: 
Id flags: 

The output was:
0


Compilation of the CXX compiler identification source "CMakeCXXCompilerId.cpp" produced "a.out"

The CXX compiler identification is Clang, found in "/Users/ksmith/Coding/btWorld/Code/btWorld/cpp/bullet/src/CMakeFiles/2.8.12/CompilerIdCXX/a.out"

Determining if the C compiler works passed with the following output:
Change Dir: /Users/ksmith/Coding/btWorld/Code/btWorld/cpp/bullet/src/CMakeFiles/CMakeTmp

Run Build Command:/opt/local/bin/gmake "cmTryCompileExec1777160917/fast"
/opt/local/bin/gmake -f CMakeFiles/cmTryCompileExec1777160917.dir/build.make CMakeFiles/cmTryCompileExec1777160917.dir/build
gmake[1]: Entering directory '/Users/ksmith/Coding/btWorld/Code/btWorld/cpp/bullet/src/CMakeFiles/CMakeTmp'
/usr/local/Cellar/cmake/2.8.12/bin/cmake -E cmake_progress_report /Users/ksmith/Coding/btWorld/Code/btWorld/cpp/bullet/src/CMakeFiles/CMakeTmp/CMakeFiles 1
Building C object CMakeFiles/cmTryCompileExec1777160917.dir/testCCompiler.c.o
/usr/bin/cc    -o CMakeFiles/cmTryCompileExec1777160917.dir/testCCompiler.c.o   -c /Users/ksmith/Coding/btWorld/Code/btWorld/cpp/bullet/src/CMakeFiles/CMakeTmp/testCCompiler.c
Linking C executable cmTryCompileExec1777160917
/usr/local/Cellar/cmake/2.8.12/bin/cmake -E cmake_link_script CMakeFiles/cmTryCompileExec1777160917.dir/link.txt --verbose=1
/usr/bin/cc    -Wl,-search_paths_first -Wl,-headerpad_max_install_names   CMakeFiles/cmTryCompileExec1777160917.dir/testCCompiler.c.o  -o cmTryCompileExec1777160917  
gmake[1]: Leaving directory '/Users/ksmith/Coding/btWorld/Code/btWorld/cpp/bullet/src/CMakeFiles/CMakeTmp'


Detecting C compiler ABI info compiled with the following output:
Change Dir: /Users/ksmith/Coding/btWorld/Code/btWorld/cpp/bullet/src/CMakeFiles/CMakeTmp

Run Build Command:/opt/local/bin/gmake "cmTryCompileExec2163146262/fast"
/opt/local/bin/gmake -f CMakeFiles/cmTryCompileExec2163146262.dir/build.make CMakeFiles/cmTryCompileExec2163146262.dir/build
gmake[1]: Entering directory '/Users/ksmith/Coding/btWorld/Code/btWorld/cpp/bullet/src/CMakeFiles/CMakeTmp'
/usr/local/Cellar/cmake/2.8.12/bin/cmake -E cmake_progress_report /Users/ksmith/Coding/btWorld/Code/btWorld/cpp/bullet/src/CMakeFiles/CMakeTmp/CMakeFiles 1
Building C object CMakeFiles/cmTryCompileExec2163146262.dir/CMakeCCompilerABI.c.o
/usr/bin/cc    -o CMakeFiles/cmTryCompileExec2163146262.dir/CMakeCCompilerABI.c.o   -c /usr/local/Cellar/cmake/2.8.12/share/cmake/Modules/CMakeCCompilerABI.c
Linking C executable cmTryCompileExec2163146262
/usr/local/Cellar/cmake/2.8.12/bin/cmake -E cmake_link_script CMakeFiles/cmTryCompileExec2163146262.dir/link.txt --verbose=1
/usr/bin/cc    -Wl,-search_paths_first -Wl,-headerpad_max_install_names -v -Wl,-v CMakeFiles/cmTryCompileExec2163146262.dir/CMakeCCompilerABI.c.o  -o cmTryCompileExec2163146262   
Apple LLVM version 7.3.0 (clang-703.0.29)
Target: x86_64-apple-darwin15.4.0
Thread model: posix
InstalledDir: /Applications/Xcode.app/Contents/Developer/Toolchains/XcodeDefault.xctoolchain/usr/bin
 "/Applications/Xcode.app/Contents/Developer/Toolchains/XcodeDefault.xctoolchain/usr/bin/ld" -demangle -dynamic -arch x86_64 -macosx_version_min 10.11.0 -o cmTryCompileExec2163146262 -search_paths_first -headerpad_max_install_names -v CMakeFiles/cmTryCompileExec2163146262.dir/CMakeCCompilerABI.c.o -lSystem /Applications/Xcode.app/Contents/Developer/Toolchains/XcodeDefault.xctoolchain/usr/bin/../lib/clang/7.3.0/lib/darwin/libclang_rt.osx.a
@(#)PROGRAM:ld  PROJECT:ld64-264.3.101
configured to support archs: armv6 armv7 armv7s arm64 i386 x86_64 x86_64h armv6m armv7k armv7m armv7em (tvOS)
Library search paths:
	/usr/lib
	/usr/local/lib
Framework search paths:
	/Library/Frameworks/
	/System/Library/Frameworks/
gmake[1]: Leaving directory '/Users/ksmith/Coding/btWorld/Code/btWorld/cpp/bullet/src/CMakeFiles/CMakeTmp'


Parsed C implicit link information from above output:
  link line regex: [^( *|.*[/\])(ld|([^/\]+-)?ld|collect2)[^/\]*( |$)]
  ignore line: [Change Dir: /Users/ksmith/Coding/btWorld/Code/btWorld/cpp/bullet/src/CMakeFiles/CMakeTmp]
  ignore line: []
  ignore line: [Run Build Command:/opt/local/bin/gmake "cmTryCompileExec2163146262/fast"]
  ignore line: [/opt/local/bin/gmake -f CMakeFiles/cmTryCompileExec2163146262.dir/build.make CMakeFiles/cmTryCompileExec2163146262.dir/build]
  ignore line: [gmake[1]: Entering directory '/Users/ksmith/Coding/btWorld/Code/btWorld/cpp/bullet/src/CMakeFiles/CMakeTmp']
  ignore line: [/usr/local/Cellar/cmake/2.8.12/bin/cmake -E cmake_progress_report /Users/ksmith/Coding/btWorld/Code/btWorld/cpp/bullet/src/CMakeFiles/CMakeTmp/CMakeFiles 1]
  ignore line: [Building C object CMakeFiles/cmTryCompileExec2163146262.dir/CMakeCCompilerABI.c.o]
  ignore line: [/usr/bin/cc    -o CMakeFiles/cmTryCompileExec2163146262.dir/CMakeCCompilerABI.c.o   -c /usr/local/Cellar/cmake/2.8.12/share/cmake/Modules/CMakeCCompilerABI.c]
  ignore line: [Linking C executable cmTryCompileExec2163146262]
  ignore line: [/usr/local/Cellar/cmake/2.8.12/bin/cmake -E cmake_link_script CMakeFiles/cmTryCompileExec2163146262.dir/link.txt --verbose=1]
  ignore line: [/usr/bin/cc    -Wl,-search_paths_first -Wl,-headerpad_max_install_names -v -Wl,-v CMakeFiles/cmTryCompileExec2163146262.dir/CMakeCCompilerABI.c.o  -o cmTryCompileExec2163146262   ]
  ignore line: [Apple LLVM version 7.3.0 (clang-703.0.29)]
  ignore line: [Target: x86_64-apple-darwin15.4.0]
  ignore line: [Thread model: posix]
  ignore line: [InstalledDir: /Applications/Xcode.app/Contents/Developer/Toolchains/XcodeDefault.xctoolchain/usr/bin]
  link line: [ "/Applications/Xcode.app/Contents/Developer/Toolchains/XcodeDefault.xctoolchain/usr/bin/ld" -demangle -dynamic -arch x86_64 -macosx_version_min 10.11.0 -o cmTryCompileExec2163146262 -search_paths_first -headerpad_max_install_names -v CMakeFiles/cmTryCompileExec2163146262.dir/CMakeCCompilerABI.c.o -lSystem /Applications/Xcode.app/Contents/Developer/Toolchains/XcodeDefault.xctoolchain/usr/bin/../lib/clang/7.3.0/lib/darwin/libclang_rt.osx.a]
    arg [/Applications/Xcode.app/Contents/Developer/Toolchains/XcodeDefault.xctoolchain/usr/bin/ld] ==> ignore
    arg [-demangle] ==> ignore
    arg [-dynamic] ==> ignore
    arg [-arch] ==> ignore
    arg [x86_64] ==> ignore
    arg [-macosx_version_min] ==> ignore
    arg [10.11.0] ==> ignore
    arg [-o] ==> ignore
    arg [cmTryCompileExec2163146262] ==> ignore
    arg [-search_paths_first] ==> ignore
    arg [-headerpad_max_install_names] ==> ignore
    arg [-v] ==> ignore
    arg [CMakeFiles/cmTryCompileExec2163146262.dir/CMakeCCompilerABI.c.o] ==> ignore
    arg [-lSystem] ==> lib [System]
    arg [/Applications/Xcode.app/Contents/Developer/Toolchains/XcodeDefault.xctoolchain/usr/bin/../lib/clang/7.3.0/lib/darwin/libclang_rt.osx.a] ==> lib [/Applications/Xcode.app/Contents/Developer/Toolchains/XcodeDefault.xctoolchain/usr/bin/../lib/clang/7.3.0/lib/darwin/libclang_rt.osx.a]
  Library search paths: [;/usr/lib;/usr/local/lib]
  Framework search paths: [;/Library/Frameworks/;/System/Library/Frameworks/]
  remove lib [System]
  collapse lib [/Applications/Xcode.app/Contents/Developer/Toolchains/XcodeDefault.xctoolchain/usr/bin/../lib/clang/7.3.0/lib/darwin/libclang_rt.osx.a] ==> [/Applications/Xcode.app/Contents/Developer/Toolchains/XcodeDefault.xctoolchain/usr/lib/clang/7.3.0/lib/darwin/libclang_rt.osx.a]
  collapse library dir [/usr/lib] ==> [/usr/lib]
  collapse library dir [/usr/local/lib] ==> [/usr/local/lib]
  collapse framework dir [/Library/Frameworks/] ==> [/Library/Frameworks]
  collapse framework dir [/System/Library/Frameworks/] ==> [/System/Library/Frameworks]
  implicit libs: [/Applications/Xcode.app/Contents/Developer/Toolchains/XcodeDefault.xctoolchain/usr/lib/clang/7.3.0/lib/darwin/libclang_rt.osx.a]
  implicit dirs: [/usr/lib;/usr/local/lib]
  implicit fwks: [/Library/Frameworks;/System/Library/Frameworks]


Determining if the CXX compiler works passed with the following output:
Change Dir: /Users/ksmith/Coding/btWorld/Code/btWorld/cpp/bullet/src/CMakeFiles/CMakeTmp

Run Build Command:/opt/local/bin/gmake "cmTryCompileExec3028681964/fast"
/opt/local/bin/gmake -f CMakeFiles/cmTryCompileExec3028681964.dir/build.make CMakeFiles/cmTryCompileExec3028681964.dir/build
gmake[1]: Entering directory '/Users/ksmith/Coding/btWorld/Code/btWorld/cpp/bullet/src/CMakeFiles/CMakeTmp'
/usr/local/Cellar/cmake/2.8.12/bin/cmake -E cmake_progress_report /Users/ksmith/Coding/btWorld/Code/btWorld/cpp/bullet/src/CMakeFiles/CMakeTmp/CMakeFiles 1
Building CXX object CMakeFiles/cmTryCompileExec3028681964.dir/testCXXCompiler.cxx.o
/usr/bin/c++     -o CMakeFiles/cmTryCompileExec3028681964.dir/testCXXCompiler.cxx.o -c /Users/ksmith/Coding/btWorld/Code/btWorld/cpp/bullet/src/CMakeFiles/CMakeTmp/testCXXCompiler.cxx
Linking CXX executable cmTryCompileExec3028681964
/usr/local/Cellar/cmake/2.8.12/bin/cmake -E cmake_link_script CMakeFiles/cmTryCompileExec3028681964.dir/link.txt --verbose=1
/usr/bin/c++     -Wl,-search_paths_first -Wl,-headerpad_max_install_names   CMakeFiles/cmTryCompileExec3028681964.dir/testCXXCompiler.cxx.o  -o cmTryCompileExec3028681964  
gmake[1]: Leaving directory '/Users/ksmith/Coding/btWorld/Code/btWorld/cpp/bullet/src/CMakeFiles/CMakeTmp'


Detecting CXX compiler ABI info compiled with the following output:
Change Dir: /Users/ksmith/Coding/btWorld/Code/btWorld/cpp/bullet/src/CMakeFiles/CMakeTmp

Run Build Command:/opt/local/bin/gmake "cmTryCompileExec1610478148/fast"
/opt/local/bin/gmake -f CMakeFiles/cmTryCompileExec1610478148.dir/build.make CMakeFiles/cmTryCompileExec1610478148.dir/build
gmake[1]: Entering directory '/Users/ksmith/Coding/btWorld/Code/btWorld/cpp/bullet/src/CMakeFiles/CMakeTmp'
/usr/local/Cellar/cmake/2.8.12/bin/cmake -E cmake_progress_report /Users/ksmith/Coding/btWorld/Code/btWorld/cpp/bullet/src/CMakeFiles/CMakeTmp/CMakeFiles 1
Building CXX object CMakeFiles/cmTryCompileExec1610478148.dir/CMakeCXXCompilerABI.cpp.o
/usr/bin/c++     -o CMakeFiles/cmTryCompileExec1610478148.dir/CMakeCXXCompilerABI.cpp.o -c /usr/local/Cellar/cmake/2.8.12/share/cmake/Modules/CMakeCXXCompilerABI.cpp
Linking CXX executable cmTryCompileExec1610478148
/usr/local/Cellar/cmake/2.8.12/bin/cmake -E cmake_link_script CMakeFiles/cmTryCompileExec1610478148.dir/link.txt --verbose=1
/usr/bin/c++     -Wl,-search_paths_first -Wl,-headerpad_max_install_names -v -Wl,-v CMakeFiles/cmTryCompileExec1610478148.dir/CMakeCXXCompilerABI.cpp.o  -o cmTryCompileExec1610478148   
Apple LLVM version 7.3.0 (clang-703.0.29)
Target: x86_64-apple-darwin15.4.0
Thread model: posix
InstalledDir: /Applications/Xcode.app/Contents/Developer/Toolchains/XcodeDefault.xctoolchain/usr/bin
 "/Applications/Xcode.app/Contents/Developer/Toolchains/XcodeDefault.xctoolchain/usr/bin/ld" -demangle -dynamic -arch x86_64 -macosx_version_min 10.11.0 -o cmTryCompileExec1610478148 -search_paths_first -headerpad_max_install_names -v CMakeFiles/cmTryCompileExec1610478148.dir/CMakeCXXCompilerABI.cpp.o -lc++ -lSystem /Applications/Xcode.app/Contents/Developer/Toolchains/XcodeDefault.xctoolchain/usr/bin/../lib/clang/7.3.0/lib/darwin/libclang_rt.osx.a
@(#)PROGRAM:ld  PROJECT:ld64-264.3.101
configured to support archs: armv6 armv7 armv7s arm64 i386 x86_64 x86_64h armv6m armv7k armv7m armv7em (tvOS)
Library search paths:
	/usr/lib
	/usr/local/lib
Framework search paths:
	/Library/Frameworks/
	/System/Library/Frameworks/
gmake[1]: Leaving directory '/Users/ksmith/Coding/btWorld/Code/btWorld/cpp/bullet/src/CMakeFiles/CMakeTmp'


Parsed CXX implicit link information from above output:
  link line regex: [^( *|.*[/\])(ld|([^/\]+-)?ld|collect2)[^/\]*( |$)]
  ignore line: [Change Dir: /Users/ksmith/Coding/btWorld/Code/btWorld/cpp/bullet/src/CMakeFiles/CMakeTmp]
  ignore line: []
  ignore line: [Run Build Command:/opt/local/bin/gmake "cmTryCompileExec1610478148/fast"]
  ignore line: [/opt/local/bin/gmake -f CMakeFiles/cmTryCompileExec1610478148.dir/build.make CMakeFiles/cmTryCompileExec1610478148.dir/build]
  ignore line: [gmake[1]: Entering directory '/Users/ksmith/Coding/btWorld/Code/btWorld/cpp/bullet/src/CMakeFiles/CMakeTmp']
  ignore line: [/usr/local/Cellar/cmake/2.8.12/bin/cmake -E cmake_progress_report /Users/ksmith/Coding/btWorld/Code/btWorld/cpp/bullet/src/CMakeFiles/CMakeTmp/CMakeFiles 1]
  ignore line: [Building CXX object CMakeFiles/cmTryCompileExec1610478148.dir/CMakeCXXCompilerABI.cpp.o]
  ignore line: [/usr/bin/c++     -o CMakeFiles/cmTryCompileExec1610478148.dir/CMakeCXXCompilerABI.cpp.o -c /usr/local/Cellar/cmake/2.8.12/share/cmake/Modules/CMakeCXXCompilerABI.cpp]
  ignore line: [Linking CXX executable cmTryCompileExec1610478148]
  ignore line: [/usr/local/Cellar/cmake/2.8.12/bin/cmake -E cmake_link_script CMakeFiles/cmTryCompileExec1610478148.dir/link.txt --verbose=1]
  ignore line: [/usr/bin/c++     -Wl,-search_paths_first -Wl,-headerpad_max_install_names -v -Wl,-v CMakeFiles/cmTryCompileExec1610478148.dir/CMakeCXXCompilerABI.cpp.o  -o cmTryCompileExec1610478148   ]
  ignore line: [Apple LLVM version 7.3.0 (clang-703.0.29)]
  ignore line: [Target: x86_64-apple-darwin15.4.0]
  ignore line: [Thread model: posix]
  ignore line: [InstalledDir: /Applications/Xcode.app/Contents/Developer/Toolchains/XcodeDefault.xctoolchain/usr/bin]
  link line: [ "/Applications/Xcode.app/Contents/Developer/Toolchains/XcodeDefault.xctoolchain/usr/bin/ld" -demangle -dynamic -arch x86_64 -macosx_version_min 10.11.0 -o cmTryCompileExec1610478148 -search_paths_first -headerpad_max_install_names -v CMakeFiles/cmTryCompileExec1610478148.dir/CMakeCXXCompilerABI.cpp.o -lc++ -lSystem /Applications/Xcode.app/Contents/Developer/Toolchains/XcodeDefault.xctoolchain/usr/bin/../lib/clang/7.3.0/lib/darwin/libclang_rt.osx.a]
    arg [/Applications/Xcode.app/Contents/Developer/Toolchains/XcodeDefault.xctoolchain/usr/bin/ld] ==> ignore
    arg [-demangle] ==> ignore
    arg [-dynamic] ==> ignore
    arg [-arch] ==> ignore
    arg [x86_64] ==> ignore
    arg [-macosx_version_min] ==> ignore
    arg [10.11.0] ==> ignore
    arg [-o] ==> ignore
    arg [cmTryCompileExec1610478148] ==> ignore
    arg [-search_paths_first] ==> ignore
    arg [-headerpad_max_install_names] ==> ignore
    arg [-v] ==> ignore
    arg [CMakeFiles/cmTryCompileExec1610478148.dir/CMakeCXXCompilerABI.cpp.o] ==> ignore
    arg [-lc++] ==> lib [c++]
    arg [-lSystem] ==> lib [System]
    arg [/Applications/Xcode.app/Contents/Developer/Toolchains/XcodeDefault.xctoolchain/usr/bin/../lib/clang/7.3.0/lib/darwin/libclang_rt.osx.a] ==> lib [/Applications/Xcode.app/Contents/Developer/Toolchains/XcodeDefault.xctoolchain/usr/bin/../lib/clang/7.3.0/lib/darwin/libclang_rt.osx.a]
  Library search paths: [;/usr/lib;/usr/local/lib]
  Framework search paths: [;/Library/Frameworks/;/System/Library/Frameworks/]
  remove lib [System]
  collapse lib [/Applications/Xcode.app/Contents/Developer/Toolchains/XcodeDefault.xctoolchain/usr/bin/../lib/clang/7.3.0/lib/darwin/libclang_rt.osx.a] ==> [/Applications/Xcode.app/Contents/Developer/Toolchains/XcodeDefault.xctoolchain/usr/lib/clang/7.3.0/lib/darwin/libclang_rt.osx.a]
  collapse library dir [/usr/lib] ==> [/usr/lib]
  collapse library dir [/usr/local/lib] ==> [/usr/local/lib]
  collapse framework dir [/Library/Frameworks/] ==> [/Library/Frameworks]
  collapse framework dir [/System/Library/Frameworks/] ==> [/System/Library/Frameworks]
  implicit libs: [c++;/Applications/Xcode.app/Contents/Developer/Toolchains/XcodeDefault.xctoolchain/usr/lib/clang/7.3.0/lib/darwin/libclang_rt.osx.a]
  implicit dirs: [/usr/lib;/usr/local/lib]
  implicit fwks: [/Library/Frameworks;/System/Library/Frameworks]


